1717216368.295548 client started (43083): version 3.3a, socket /tmp/tmux-1000/default, protocol 8
1717216368.295563 on Linux 6.5.0-13parrot1-amd64 #1 SMP PREEMPT_DYNAMIC Debian 6.5.13-1parrot1 (2023-12-19)
1717216368.295569 using libevent 2.1.12-stable (poll); ncurses 6.3
1717216368.295575 flags are 0x18010000
1717216368.295576 socket is /tmp/tmux-1000/default
1717216368.295585 trying connect
1717216368.295593 connect failed: Connection refused
1717216368.295597 lock file is /tmp/tmux-1000/default.lock
1717216368.295611 flock succeeded
1717216368.295612 got lock (6)
1717216368.295615 trying connect
1717216368.295617 connect failed: Connection refused
1717216368.295761 add peer 0x55cf8b6b6250: 7 ((nil))
1717216368.295984 sending message 100 to peer 0x55cf8b6b6250 (4 bytes)
1717216368.295989 sending message 111 to peer 0x55cf8b6b6250 (8 bytes)
1717216368.295991 sending message 101 to peer 0x55cf8b6b6250 (12 bytes)
1717216368.295994 sending message 109 to peer 0x55cf8b6b6250 (4 bytes)
1717216368.295997 sending message 102 to peer 0x55cf8b6b6250 (11 bytes)
1717216368.295999 sending message 108 to peer 0x55cf8b6b6250 (38 bytes)
1717216368.296001 sending message 112 to peer 0x55cf8b6b6250 (70 bytes)
1717216368.296003 sending message 112 to peer 0x55cf8b6b6250 (5 bytes)
1717216368.296005 sending message 112 to peer 0x55cf8b6b6250 (6 bytes)
1717216368.296006 sending message 112 to peer 0x55cf8b6b6250 (6 bytes)
1717216368.296008 sending message 112 to peer 0x55cf8b6b6250 (10 bytes)
1717216368.296010 sending message 112 to peer 0x55cf8b6b6250 (13 bytes)
1717216368.296011 sending message 112 to peer 0x55cf8b6b6250 (14 bytes)
1717216368.296013 sending message 112 to peer 0x55cf8b6b6250 (19 bytes)
1717216368.296015 sending message 112 to peer 0x55cf8b6b6250 (11 bytes)
1717216368.296016 sending message 112 to peer 0x55cf8b6b6250 (21 bytes)
1717216368.296018 sending message 112 to peer 0x55cf8b6b6250 (13 bytes)
1717216368.296020 sending message 112 to peer 0x55cf8b6b6250 (7 bytes)
1717216368.296021 sending message 112 to peer 0x55cf8b6b6250 (13 bytes)
1717216368.296023 sending message 112 to peer 0x55cf8b6b6250 (7 bytes)
1717216368.296025 sending message 112 to peer 0x55cf8b6b6250 (13 bytes)
1717216368.296027 sending message 112 to peer 0x55cf8b6b6250 (9 bytes)
1717216368.296028 sending message 112 to peer 0x55cf8b6b6250 (21 bytes)
1717216368.296030 sending message 112 to peer 0x55cf8b6b6250 (13 bytes)
1717216368.296032 sending message 112 to peer 0x55cf8b6b6250 (9 bytes)
1717216368.296033 sending message 112 to peer 0x55cf8b6b6250 (16 bytes)
1717216368.296035 sending message 112 to peer 0x55cf8b6b6250 (13 bytes)
1717216368.296037 sending message 112 to peer 0x55cf8b6b6250 (9 bytes)
1717216368.296038 sending message 112 to peer 0x55cf8b6b6250 (9 bytes)
1717216368.296040 sending message 112 to peer 0x55cf8b6b6250 (12 bytes)
1717216368.296042 sending message 112 to peer 0x55cf8b6b6250 (8 bytes)
1717216368.296043 sending message 112 to peer 0x55cf8b6b6250 (13 bytes)
1717216368.296045 sending message 112 to peer 0x55cf8b6b6250 (7 bytes)
1717216368.296047 sending message 112 to peer 0x55cf8b6b6250 (7 bytes)
1717216368.296048 sending message 112 to peer 0x55cf8b6b6250 (9 bytes)
1717216368.296050 sending message 112 to peer 0x55cf8b6b6250 (6 bytes)
1717216368.296052 sending message 112 to peer 0x55cf8b6b6250 (9 bytes)
1717216368.296053 sending message 112 to peer 0x55cf8b6b6250 (15 bytes)
1717216368.296055 sending message 112 to peer 0x55cf8b6b6250 (13 bytes)
1717216368.296057 sending message 112 to peer 0x55cf8b6b6250 (12 bytes)
1717216368.296058 sending message 112 to peer 0x55cf8b6b6250 (8 bytes)
1717216368.296060 sending message 112 to peer 0x55cf8b6b6250 (14 bytes)
1717216368.296062 sending message 112 to peer 0x55cf8b6b6250 (9 bytes)
1717216368.296064 sending message 112 to peer 0x55cf8b6b6250 (10 bytes)
1717216368.296066 sending message 112 to peer 0x55cf8b6b6250 (10 bytes)
1717216368.296067 sending message 112 to peer 0x55cf8b6b6250 (10 bytes)
1717216368.296069 sending message 112 to peer 0x55cf8b6b6250 (10 bytes)
1717216368.296071 sending message 112 to peer 0x55cf8b6b6250 (11 bytes)
1717216368.296079 sending message 112 to peer 0x55cf8b6b6250 (12 bytes)
1717216368.296081 sending message 112 to peer 0x55cf8b6b6250 (12 bytes)
1717216368.296083 sending message 112 to peer 0x55cf8b6b6250 (12 bytes)
1717216368.296084 sending message 112 to peer 0x55cf8b6b6250 (12 bytes)
1717216368.296086 sending message 112 to peer 0x55cf8b6b6250 (12 bytes)
1717216368.296088 sending message 112 to peer 0x55cf8b6b6250 (11 bytes)
1717216368.296089 sending message 112 to peer 0x55cf8b6b6250 (11 bytes)
1717216368.296091 sending message 112 to peer 0x55cf8b6b6250 (12 bytes)
1717216368.296093 sending message 112 to peer 0x55cf8b6b6250 (12 bytes)
1717216368.296095 sending message 112 to peer 0x55cf8b6b6250 (12 bytes)
1717216368.296096 sending message 112 to peer 0x55cf8b6b6250 (12 bytes)
1717216368.296098 sending message 112 to peer 0x55cf8b6b6250 (12 bytes)
1717216368.296100 sending message 112 to peer 0x55cf8b6b6250 (9 bytes)
1717216368.296101 sending message 112 to peer 0x55cf8b6b6250 (12 bytes)
1717216368.296103 sending message 112 to peer 0x55cf8b6b6250 (13 bytes)
1717216368.296104 sending message 112 to peer 0x55cf8b6b6250 (13 bytes)
1717216368.296106 sending message 112 to peer 0x55cf8b6b6250 (13 bytes)
1717216368.296108 sending message 112 to peer 0x55cf8b6b6250 (13 bytes)
1717216368.296109 sending message 112 to peer 0x55cf8b6b6250 (13 bytes)
1717216368.296111 sending message 112 to peer 0x55cf8b6b6250 (8 bytes)
1717216368.296113 sending message 112 to peer 0x55cf8b6b6250 (11 bytes)
1717216368.296114 sending message 112 to peer 0x55cf8b6b6250 (11 bytes)
1717216368.296116 sending message 112 to peer 0x55cf8b6b6250 (11 bytes)
1717216368.296118 sending message 112 to peer 0x55cf8b6b6250 (12 bytes)
1717216368.296120 sending message 112 to peer 0x55cf8b6b6250 (12 bytes)
1717216368.296121 sending message 112 to peer 0x55cf8b6b6250 (12 bytes)
1717216368.296123 sending message 112 to peer 0x55cf8b6b6250 (12 bytes)
1717216368.296124 sending message 112 to peer 0x55cf8b6b6250 (13 bytes)
1717216368.296126 sending message 112 to peer 0x55cf8b6b6250 (13 bytes)
1717216368.296128 sending message 112 to peer 0x55cf8b6b6250 (13 bytes)
1717216368.296129 sending message 112 to peer 0x55cf8b6b6250 (8 bytes)
1717216368.296131 sending message 112 to peer 0x55cf8b6b6250 (13 bytes)
1717216368.296133 sending message 112 to peer 0x55cf8b6b6250 (13 bytes)
1717216368.296135 sending message 112 to peer 0x55cf8b6b6250 (13 bytes)
1717216368.296136 sending message 112 to peer 0x55cf8b6b6250 (13 bytes)
1717216368.296138 sending message 112 to peer 0x55cf8b6b6250 (13 bytes)
1717216368.296140 sending message 112 to peer 0x55cf8b6b6250 (12 bytes)
1717216368.296142 sending message 112 to peer 0x55cf8b6b6250 (12 bytes)
1717216368.296144 sending message 112 to peer 0x55cf8b6b6250 (12 bytes)
1717216368.296146 sending message 112 to peer 0x55cf8b6b6250 (12 bytes)
1717216368.296147 sending message 112 to peer 0x55cf8b6b6250 (13 bytes)
1717216368.296149 sending message 112 to peer 0x55cf8b6b6250 (8 bytes)
1717216368.296151 sending message 112 to peer 0x55cf8b6b6250 (13 bytes)
1717216368.296153 sending message 112 to peer 0x55cf8b6b6250 (13 bytes)
1717216368.296154 sending message 112 to peer 0x55cf8b6b6250 (13 bytes)
1717216368.296156 sending message 112 to peer 0x55cf8b6b6250 (13 bytes)
1717216368.296158 sending message 112 to peer 0x55cf8b6b6250 (13 bytes)
1717216368.296160 sending message 112 to peer 0x55cf8b6b6250 (13 bytes)
1717216368.296161 sending message 112 to peer 0x55cf8b6b6250 (13 bytes)
1717216368.296163 sending message 112 to peer 0x55cf8b6b6250 (12 bytes)
1717216368.296165 sending message 112 to peer 0x55cf8b6b6250 (12 bytes)
1717216368.296167 sending message 112 to peer 0x55cf8b6b6250 (12 bytes)
1717216368.296168 sending message 112 to peer 0x55cf8b6b6250 (8 bytes)
1717216368.296170 sending message 112 to peer 0x55cf8b6b6250 (12 bytes)
1717216368.296172 sending message 112 to peer 0x55cf8b6b6250 (13 bytes)
1717216368.296173 sending message 112 to peer 0x55cf8b6b6250 (13 bytes)
1717216368.296175 sending message 112 to peer 0x55cf8b6b6250 (13 bytes)
1717216368.296179 sending message 112 to peer 0x55cf8b6b6250 (13 bytes)
1717216368.296181 sending message 112 to peer 0x55cf8b6b6250 (13 bytes)
1717216368.296183 sending message 112 to peer 0x55cf8b6b6250 (13 bytes)
1717216368.296184 sending message 112 to peer 0x55cf8b6b6250 (13 bytes)
1717216368.296186 sending message 112 to peer 0x55cf8b6b6250 (13 bytes)
1717216368.296188 sending message 112 to peer 0x55cf8b6b6250 (12 bytes)
1717216368.296190 sending message 112 to peer 0x55cf8b6b6250 (10 bytes)
1717216368.296192 sending message 112 to peer 0x55cf8b6b6250 (12 bytes)
1717216368.296193 sending message 112 to peer 0x55cf8b6b6250 (12 bytes)
1717216368.296195 sending message 112 to peer 0x55cf8b6b6250 (12 bytes)
1717216368.296197 sending message 112 to peer 0x55cf8b6b6250 (13 bytes)
1717216368.296199 sending message 112 to peer 0x55cf8b6b6250 (13 bytes)
1717216368.296200 sending message 112 to peer 0x55cf8b6b6250 (13 bytes)
1717216368.296202 sending message 112 to peer 0x55cf8b6b6250 (13 bytes)
1717216368.296204 sending message 112 to peer 0x55cf8b6b6250 (13 bytes)
1717216368.296205 sending message 112 to peer 0x55cf8b6b6250 (13 bytes)
1717216368.296207 sending message 112 to peer 0x55cf8b6b6250 (13 bytes)
1717216368.296209 sending message 112 to peer 0x55cf8b6b6250 (10 bytes)
1717216368.296210 sending message 112 to peer 0x55cf8b6b6250 (13 bytes)
1717216368.296212 sending message 112 to peer 0x55cf8b6b6250 (12 bytes)
1717216368.296214 sending message 112 to peer 0x55cf8b6b6250 (12 bytes)
1717216368.296216 sending message 112 to peer 0x55cf8b6b6250 (12 bytes)
1717216368.296217 sending message 112 to peer 0x55cf8b6b6250 (10 bytes)
1717216368.296219 sending message 112 to peer 0x55cf8b6b6250 (10 bytes)
1717216368.296221 sending message 112 to peer 0x55cf8b6b6250 (10 bytes)
1717216368.296223 sending message 112 to peer 0x55cf8b6b6250 (12 bytes)
1717216368.296225 sending message 112 to peer 0x55cf8b6b6250 (13 bytes)
1717216368.296226 sending message 112 to peer 0x55cf8b6b6250 (13 bytes)
1717216368.296228 sending message 112 to peer 0x55cf8b6b6250 (13 bytes)
1717216368.296230 sending message 112 to peer 0x55cf8b6b6250 (13 bytes)
1717216368.296232 sending message 112 to peer 0x55cf8b6b6250 (13 bytes)
1717216368.296233 sending message 112 to peer 0x55cf8b6b6250 (10 bytes)
1717216368.296235 sending message 112 to peer 0x55cf8b6b6250 (11 bytes)
1717216368.296237 sending message 112 to peer 0x55cf8b6b6250 (12 bytes)
1717216368.296239 sending message 112 to peer 0x55cf8b6b6250 (12 bytes)
1717216368.296240 sending message 112 to peer 0x55cf8b6b6250 (12 bytes)
1717216368.296242 sending message 112 to peer 0x55cf8b6b6250 (12 bytes)
1717216368.296244 sending message 112 to peer 0x55cf8b6b6250 (12 bytes)
1717216368.296245 sending message 112 to peer 0x55cf8b6b6250 (11 bytes)
1717216368.296247 sending message 112 to peer 0x55cf8b6b6250 (12 bytes)
1717216368.296249 sending message 112 to peer 0x55cf8b6b6250 (12 bytes)
1717216368.296251 sending message 112 to peer 0x55cf8b6b6250 (13 bytes)
1717216368.296253 sending message 112 to peer 0x55cf8b6b6250 (13 bytes)
1717216368.296254 sending message 112 to peer 0x55cf8b6b6250 (13 bytes)
1717216368.296256 sending message 112 to peer 0x55cf8b6b6250 (13 bytes)
1717216368.296258 sending message 112 to peer 0x55cf8b6b6250 (13 bytes)
1717216368.296260 sending message 112 to peer 0x55cf8b6b6250 (10 bytes)
1717216368.296262 sending message 112 to peer 0x55cf8b6b6250 (9 bytes)
1717216368.296263 sending message 112 to peer 0x55cf8b6b6250 (12 bytes)
1717216368.296265 sending message 112 to peer 0x55cf8b6b6250 (13 bytes)
1717216368.296267 sending message 112 to peer 0x55cf8b6b6250 (13 bytes)
1717216368.296268 sending message 112 to peer 0x55cf8b6b6250 (13 bytes)
1717216368.296270 sending message 112 to peer 0x55cf8b6b6250 (13 bytes)
1717216368.296272 sending message 112 to peer 0x55cf8b6b6250 (13 bytes)
1717216368.296274 sending message 112 to peer 0x55cf8b6b6250 (9 bytes)
1717216368.296275 sending message 112 to peer 0x55cf8b6b6250 (12 bytes)
1717216368.296277 sending message 112 to peer 0x55cf8b6b6250 (13 bytes)
1717216368.296282 sending message 112 to peer 0x55cf8b6b6250 (13 bytes)
1717216368.296284 sending message 112 to peer 0x55cf8b6b6250 (13 bytes)
1717216368.296286 sending message 112 to peer 0x55cf8b6b6250 (13 bytes)
1717216368.296287 sending message 112 to peer 0x55cf8b6b6250 (13 bytes)
1717216368.296289 sending message 112 to peer 0x55cf8b6b6250 (11 bytes)
1717216368.296291 sending message 112 to peer 0x55cf8b6b6250 (12 bytes)
1717216368.296293 sending message 112 to peer 0x55cf8b6b6250 (13 bytes)
1717216368.296295 sending message 112 to peer 0x55cf8b6b6250 (13 bytes)
1717216368.296296 sending message 112 to peer 0x55cf8b6b6250 (13 bytes)
1717216368.296298 sending message 112 to peer 0x55cf8b6b6250 (13 bytes)
1717216368.296300 sending message 112 to peer 0x55cf8b6b6250 (13 bytes)
1717216368.296301 sending message 112 to peer 0x55cf8b6b6250 (11 bytes)
1717216368.296303 sending message 112 to peer 0x55cf8b6b6250 (12 bytes)
1717216368.296305 sending message 112 to peer 0x55cf8b6b6250 (12 bytes)
1717216368.296307 sending message 112 to peer 0x55cf8b6b6250 (12 bytes)
1717216368.296308 sending message 112 to peer 0x55cf8b6b6250 (12 bytes)
1717216368.296310 sending message 112 to peer 0x55cf8b6b6250 (12 bytes)
1717216368.296312 sending message 112 to peer 0x55cf8b6b6250 (12 bytes)
1717216368.296313 sending message 112 to peer 0x55cf8b6b6250 (9 bytes)
1717216368.296315 sending message 112 to peer 0x55cf8b6b6250 (6 bytes)
1717216368.296317 sending message 112 to peer 0x55cf8b6b6250 (13 bytes)
1717216368.296319 sending message 112 to peer 0x55cf8b6b6250 (10 bytes)
1717216368.296321 sending message 112 to peer 0x55cf8b6b6250 (15 bytes)
1717216368.296323 sending message 112 to peer 0x55cf8b6b6250 (11 bytes)
1717216368.296324 sending message 112 to peer 0x55cf8b6b6250 (70 bytes)
1717216368.296326 sending message 112 to peer 0x55cf8b6b6250 (69 bytes)
1717216368.296328 sending message 112 to peer 0x55cf8b6b6250 (34 bytes)
1717216368.296329 sending message 112 to peer 0x55cf8b6b6250 (34 bytes)
1717216368.296338 sending message 112 to peer 0x55cf8b6b6250 (12 bytes)
1717216368.296343 sending message 112 to peer 0x55cf8b6b6250 (10 bytes)
1717216368.296345 sending message 112 to peer 0x55cf8b6b6250 (10 bytes)
1717216368.296347 sending message 112 to peer 0x55cf8b6b6250 (15 bytes)
1717216368.296348 sending message 112 to peer 0x55cf8b6b6250 (11 bytes)
1717216368.296350 sending message 112 to peer 0x55cf8b6b6250 (10 bytes)
1717216368.296351 sending message 112 to peer 0x55cf8b6b6250 (10 bytes)
1717216368.296353 sending message 112 to peer 0x55cf8b6b6250 (17 bytes)
1717216368.296355 sending message 112 to peer 0x55cf8b6b6250 (10 bytes)
1717216368.296356 sending message 112 to peer 0x55cf8b6b6250 (17 bytes)
1717216368.296358 sending message 112 to peer 0x55cf8b6b6250 (5 bytes)
1717216368.296360 sending message 112 to peer 0x55cf8b6b6250 (9 bytes)
1717216368.296361 sending message 112 to peer 0x55cf8b6b6250 (15 bytes)
1717216368.296364 sending message 104 to peer 0x55cf8b6b6250 (0 bytes)
1717216368.296365 sending message 110 to peer 0x55cf8b6b6250 (0 bytes)
1717216368.296367 sending message 107 to peer 0x55cf8b6b6250 (4 bytes)
1717216368.296369 sending message 105 to peer 0x55cf8b6b6250 (20 bytes)
1717216368.296373 sending message 105 to peer 0x55cf8b6b6250 (24 bytes)
1717216368.296375 sending message 105 to peer 0x55cf8b6b6250 (137 bytes)
1717216368.296376 sending message 105 to peer 0x55cf8b6b6250 (23 bytes)
1717216368.296378 sending message 105 to peer 0x55cf8b6b6250 (11 bytes)
1717216368.296380 sending message 105 to peer 0x55cf8b6b6250 (25 bytes)
1717216368.296382 sending message 105 to peer 0x55cf8b6b6250 (17 bytes)
1717216368.296383 sending message 105 to peer 0x55cf8b6b6250 (36 bytes)
1717216368.296385 sending message 105 to peer 0x55cf8b6b6250 (20 bytes)
1717216368.296387 sending message 105 to peer 0x55cf8b6b6250 (27 bytes)
1717216368.296388 sending message 105 to peer 0x55cf8b6b6250 (30 bytes)
1717216368.296390 sending message 105 to peer 0x55cf8b6b6250 (23 bytes)
1717216368.296392 sending message 105 to peer 0x55cf8b6b6250 (21 bytes)
1717216368.296396 sending message 105 to peer 0x55cf8b6b6250 (17 bytes)
1717216368.296398 sending message 105 to peer 0x55cf8b6b6250 (20 bytes)
1717216368.296399 sending message 105 to peer 0x55cf8b6b6250 (1159 bytes)
1717216368.296410 sending message 105 to peer 0x55cf8b6b6250 (22 bytes)
1717216368.296412 sending message 105 to peer 0x55cf8b6b6250 (15 bytes)
1717216368.296413 sending message 105 to peer 0x55cf8b6b6250 (12 bytes)
1717216368.296415 sending message 105 to peer 0x55cf8b6b6250 (18 bytes)
1717216368.296417 sending message 105 to peer 0x55cf8b6b6250 (19 bytes)
1717216368.296419 sending message 105 to peer 0x55cf8b6b6250 (25 bytes)
1717216368.296420 sending message 105 to peer 0x55cf8b6b6250 (17 bytes)
1717216368.296422 sending message 105 to peer 0x55cf8b6b6250 (14 bytes)
1717216368.296424 sending message 105 to peer 0x55cf8b6b6250 (14 bytes)
1717216368.296426 sending message 105 to peer 0x55cf8b6b6250 (8 bytes)
1717216368.296427 sending message 105 to peer 0x55cf8b6b6250 (42 bytes)
1717216368.296429 sending message 105 to peer 0x55cf8b6b6250 (35 bytes)
1717216368.296431 sending message 105 to peer 0x55cf8b6b6250 (12 bytes)
1717216368.296432 sending message 105 to peer 0x55cf8b6b6250 (20 bytes)
1717216368.296434 sending message 105 to peer 0x55cf8b6b6250 (30 bytes)
1717216368.296436 sending message 105 to peer 0x55cf8b6b6250 (25 bytes)
1717216368.296438 sending message 105 to peer 0x55cf8b6b6250 (10 bytes)
1717216368.296439 sending message 105 to peer 0x55cf8b6b6250 (24 bytes)
1717216368.296441 sending message 105 to peer 0x55cf8b6b6250 (16 bytes)
1717216368.296443 sending message 106 to peer 0x55cf8b6b6250 (0 bytes)
1717216368.296467 sending message 200 to peer 0x55cf8b6b6250 (4 bytes)
1717216368.296469 client loop enter
1717216368.296477 client_signal: Child exited
1717216368.327922 peer 0x55cf8b6b6250 message 207
1717216368.327926 sending message 208 to peer 0x55cf8b6b6250 (0 bytes)
1717216375.674977 peer 0x55cf8b6b6250 message 203
1717216375.674991 sending message 205 to peer 0x55cf8b6b6250 (0 bytes)
1717216375.675259 peer 0x55cf8b6b6250 message 204
1717216375.675263 client loop exit
